[26-Jul-2013 04:29:18 America/North_Dakota/Center] PHP Fatal error:  Maximum execution time of 30 seconds exceeded in C:\inetpub\wwwroot\immutable\lib\SqlManager.php on line 79
[26-Jul-2013 04:29:29 America/North_Dakota/Center] PHP Fatal error:  Maximum execution time of 30 seconds exceeded in C:\inetpub\wwwroot\immutable\lib\SqlManager.php on line 79
[26-Jul-2013 04:29:40 America/North_Dakota/Center] PHP Fatal error:  Maximum execution time of 30 seconds exceeded in C:\inetpub\wwwroot\immutable\lib\SqlManager.php on line 79
[26-Jul-2013 04:29:48 America/North_Dakota/Center] PHP Fatal error:  Maximum execution time of 30 seconds exceeded in C:\inetpub\wwwroot\immutable\lib\SqlManager.php on line 79
[26-Jul-2013 04:29:59 America/North_Dakota/Center] PHP Fatal error:  Maximum execution time of 30 seconds exceeded in C:\inetpub\wwwroot\immutable\lib\SqlManager.php on line 79
[26-Jul-2013 04:30:10 America/North_Dakota/Center] PHP Fatal error:  Maximum execution time of 30 seconds exceeded in C:\inetpub\wwwroot\immutable\lib\SqlManager.php on line 79
[26-Jul-2013 04:35:01 America/North_Dakota/Center] PHP Parse error:  syntax error, unexpected '{' in C:\inetpub\wwwroot\immutable\controller\categories\CategoryController.php on line 21
[26-Jul-2013 05:33:01 America/North_Dakota/Center] PHP Warning:  include(C:/inetpub/wwwroot/immutable/view/blog/AddBlogSuccess.php): failed to open stream: No such file or directory in C:\inetpub\wwwroot\immutable\controller\blog\BlogController.php on line 28
[26-Jul-2013 05:33:01 America/North_Dakota/Center] PHP Warning:  include(): Failed opening 'C:/inetpub/wwwroot/immutable/view/blog/AddBlogSuccess.php' for inclusion (include_path='.;C:\php\pear') in C:\inetpub\wwwroot\immutable\controller\blog\BlogController.php on line 28
[26-Jul-2013 05:45:58 America/North_Dakota/Center] PHP Warning:  include(C:/inetpub/wwwroot/immutable/view/blog/AddBlogFailure.php): failed to open stream: No such file or directory in C:\inetpub\wwwroot\immutable\controller\blog\BlogController.php on line 40
[26-Jul-2013 05:45:58 America/North_Dakota/Center] PHP Warning:  include(): Failed opening 'C:/inetpub/wwwroot/immutable/view/blog/AddBlogFailure.php' for inclusion (include_path='.;C:\php\pear') in C:\inetpub\wwwroot\immutable\controller\blog\BlogController.php on line 40
[26-Jul-2013 06:23:15 America/North_Dakota/Center] PHP Warning:  include(C:/inetpub/wwwroot/immutable/view/blog/AddBlogSuccess.php): failed to open stream: No such file or directory in C:\inetpub\wwwroot\immutable\controller\blog\BlogController.php on line 38
[26-Jul-2013 06:23:15 America/North_Dakota/Center] PHP Warning:  include(): Failed opening 'C:/inetpub/wwwroot/immutable/view/blog/AddBlogSuccess.php' for inclusion (include_path='.;C:\php\pear') in C:\inetpub\wwwroot\immutable\controller\blog\BlogController.php on line 38
[28-Jul-2013 01:44:53 America/North_Dakota/Center] PHP Warning:  include(C:/inetpub/wwwroot/immutable/view/blog/AddBlogSuccess.php): failed to open stream: No such file or directory in C:\inetpub\wwwroot\immutable\controller\blog\BlogController.php on line 38
[28-Jul-2013 01:44:53 America/North_Dakota/Center] PHP Warning:  include(): Failed opening 'C:/inetpub/wwwroot/immutable/view/blog/AddBlogSuccess.php' for inclusion (include_path='.;C:\php\pear') in C:\inetpub\wwwroot\immutable\controller\blog\BlogController.php on line 38
[03-Aug-2013 04:57:05 America/North_Dakota/Center] PHP Warning:  include(C:/inetpub/wwwroot/immutable/view/users/ViewCategory.php): failed to open stream: No such file or directory in C:\inetpub\wwwroot\immutable\controller\categories\CategoryController.php on line 42
[03-Aug-2013 04:57:05 America/North_Dakota/Center] PHP Warning:  include(): Failed opening 'C:/inetpub/wwwroot/immutable/view/users/ViewCategory.php' for inclusion (include_path='.;C:\php\pear') in C:\inetpub\wwwroot\immutable\controller\categories\CategoryController.php on line 42
[04-Aug-2013 03:18:17 America/North_Dakota/Center] PHP Warning:  include(C:/inetpub/wwwroot/immutable/view/articles/SaveArticle.php?status=failure&amp;error=2): failed to open stream: No error in C:\inetpub\wwwroot\immutable\controller\articles\ArticleController.php on line 82
[04-Aug-2013 03:18:17 America/North_Dakota/Center] PHP Warning:  include(): Failed opening 'C:/inetpub/wwwroot/immutable/view/articles/SaveArticle.php?status=failure&amp;error=2' for inclusion (include_path='.;C:\php\pear') in C:\inetpub\wwwroot\immutable\controller\articles\ArticleController.php on line 82
[04-Aug-2013 03:20:14 America/North_Dakota/Center] PHP Warning:  include(C:/inetpub/wwwroot/immutable/view/articles/SaveArticle.php?status=failure&amp;error=2): failed to open stream: No error in C:\inetpub\wwwroot\immutable\controller\articles\ArticleController.php on line 82
[04-Aug-2013 03:20:14 America/North_Dakota/Center] PHP Warning:  include(): Failed opening 'C:/inetpub/wwwroot/immutable/view/articles/SaveArticle.php?status=failure&amp;error=2' for inclusion (include_path='.;C:\php\pear') in C:\inetpub\wwwroot\immutable\controller\articles\ArticleController.php on line 82
[04-Aug-2013 03:21:40 America/North_Dakota/Center] PHP Warning:  include(C:/inetpub/wwwroot/immutable/view/articles/SaveArticle.php?status=failure): failed to open stream: No error in C:\inetpub\wwwroot\immutable\controller\articles\ArticleController.php on line 82
[04-Aug-2013 03:21:40 America/North_Dakota/Center] PHP Warning:  include(): Failed opening 'C:/inetpub/wwwroot/immutable/view/articles/SaveArticle.php?status=failure' for inclusion (include_path='.;C:\php\pear') in C:\inetpub\wwwroot\immutable\controller\articles\ArticleController.php on line 82
[04-Aug-2013 06:28:08 America/North_Dakota/Center] PHP Notice:  Undefined index: f_articlecategories in C:\inetpub\wwwroot\immutable\controller\articles\ArticleController.php on line 63
[04-Aug-2013 06:28:08 America/North_Dakota/Center] PHP Warning:  Invalid argument supplied for foreach() in C:\inetpub\wwwroot\immutable\controller\articles\ArticleController.php on line 63
[04-Aug-2013 06:28:08 America/North_Dakota/Center] PHP Warning:  include(C:/inetpub/wwwroot/immutable/view/articles/SaveArticle.php?status=success): failed to open stream: No such file or directory in C:\inetpub\wwwroot\immutable\controller\articles\ArticleController.php on line 71
[04-Aug-2013 06:28:08 America/North_Dakota/Center] PHP Warning:  include(): Failed opening 'C:/inetpub/wwwroot/immutable/view/articles/SaveArticle.php?status=success' for inclusion (include_path='.;C:\php\pear') in C:\inetpub\wwwroot\immutable\controller\articles\ArticleController.php on line 71
[04-Aug-2013 06:28:59 America/North_Dakota/Center] PHP Warning:  include(C:/inetpub/wwwroot/immutable/view/articles/SaveArticle.php?status=success): failed to open stream: No error in C:\inetpub\wwwroot\immutable\controller\articles\ArticleController.php on line 71
[04-Aug-2013 06:28:59 America/North_Dakota/Center] PHP Warning:  include(): Failed opening 'C:/inetpub/wwwroot/immutable/view/articles/SaveArticle.php?status=success' for inclusion (include_path='.;C:\php\pear') in C:\inetpub\wwwroot\immutable\controller\articles\ArticleController.php on line 71
[10-Aug-2013 04:38:13 America/North_Dakota/Center] PHP Warning:  include(C:/inetpub/wwwroot/immutable/view/user/ViewCategory.php): failed to open stream: No such file or directory in C:\inetpub\wwwroot\immutable\controller\categories\CategoryController.php on line 81
[10-Aug-2013 04:38:13 America/North_Dakota/Center] PHP Warning:  include(): Failed opening 'C:/inetpub/wwwroot/immutable/view/user/ViewCategory.php' for inclusion (include_path='.;C:\php\pear') in C:\inetpub\wwwroot\immutable\controller\categories\CategoryController.php on line 81
[10-Aug-2013 04:39:06 America/North_Dakota/Center] PHP Warning:  include(C:/inetpub/wwwroot/immutable/view/categories/ViewCategory.php): failed to open stream: No such file or directory in C:\inetpub\wwwroot\immutable\controller\categories\CategoryController.php on line 81
[10-Aug-2013 04:39:06 America/North_Dakota/Center] PHP Warning:  include(): Failed opening 'C:/inetpub/wwwroot/immutable/view/categories/ViewCategory.php' for inclusion (include_path='.;C:\php\pear') in C:\inetpub\wwwroot\immutable\controller\categories\CategoryController.php on line 81
[10-Aug-2013 04:41:04 America/North_Dakota/Center] PHP Fatal error:  Class 'CategoryManager' not found in C:\inetpub\wwwroot\immutable\view\categories\ViewCategory.php on line 12
[17-Aug-2013 01:14:55 America/North_Dakota/Center] PHP Notice:  Use of undefined constant sql - assumed 'sql' in C:\inetpub\wwwroot\immutable\model\BlogModel.php on line 179
[17-Aug-2013 01:15:12 America/North_Dakota/Center] PHP Warning:  mysqli_stmt::bind_param(): Number of variables doesn't match number of parameters in prepared statement in C:\inetpub\wwwroot\immutable\model\BlogModel.php on line 182
[17-Aug-2013 01:18:03 America/North_Dakota/Center] PHP Warning:  mysqli_stmt::bind_param(): Number of variables doesn't match number of parameters in prepared statement in C:\inetpub\wwwroot\immutable\model\BlogModel.php on line 183
[17-Aug-2013 05:22:02 America/North_Dakota/Center] PHP Warning:  mysqli_stmt::bind_param(): Number of variables doesn't match number of parameters in prepared statement in C:\inetpub\wwwroot\immutable\model\BlogModel.php on line 37
[17-Aug-2013 05:29:07 America/North_Dakota/Center] PHP Fatal error:  Call to undefined function print_f() in C:\inetpub\wwwroot\immutable\model\BlogModel.php on line 49
[17-Aug-2013 05:44:26 America/North_Dakota/Center] PHP Warning:  printf(): Too few arguments in C:\inetpub\wwwroot\immutable\model\BlogModel.php on line 53
[17-Aug-2013 05:45:13 America/North_Dakota/Center] PHP Warning:  printf(): Too few arguments in C:\inetpub\wwwroot\immutable\model\BlogModel.php on line 54
[17-Aug-2013 05:45:37 America/North_Dakota/Center] PHP Warning:  printf(): Too few arguments in C:\inetpub\wwwroot\immutable\model\BlogModel.php on line 54
[17-Aug-2013 05:46:44 America/North_Dakota/Center] PHP Warning:  printf(): Too few arguments in C:\inetpub\wwwroot\immutable\model\BlogModel.php on line 37
[17-Aug-2013 05:47:28 America/North_Dakota/Center] PHP Warning:  printf(): Too few arguments in C:\inetpub\wwwroot\immutable\model\BlogModel.php on line 54
[17-Aug-2013 05:48:56 America/North_Dakota/Center] PHP Fatal error:  Cannot pass parameter 2 by reference in C:\inetpub\wwwroot\immutable\model\BlogModel.php on line 39
[17-Aug-2013 05:49:09 America/North_Dakota/Center] PHP Warning:  printf(): Too few arguments in C:\inetpub\wwwroot\immutable\model\BlogModel.php on line 54
[17-Aug-2013 05:49:43 America/North_Dakota/Center] PHP Warning:  printf(): Too few arguments in C:\inetpub\wwwroot\immutable\model\BlogModel.php on line 54
[17-Aug-2013 05:50:13 America/North_Dakota/Center] PHP Warning:  printf(): Too few arguments in C:\inetpub\wwwroot\immutable\model\BlogModel.php on line 56
[17-Aug-2013 05:51:34 America/North_Dakota/Center] PHP Warning:  printf(): Too few arguments in C:\inetpub\wwwroot\immutable\model\BlogModel.php on line 53
[17-Aug-2013 05:51:55 America/North_Dakota/Center] PHP Warning:  printf(): Too few arguments in C:\inetpub\wwwroot\immutable\model\BlogModel.php on line 53
[17-Aug-2013 05:52:27 America/North_Dakota/Center] PHP Warning:  printf(): Too few arguments in C:\inetpub\wwwroot\immutable\model\BlogModel.php on line 53
[17-Aug-2013 06:01:57 America/North_Dakota/Center] PHP Warning:  sprintf(): Too few arguments in C:\inetpub\wwwroot\immutable\model\BlogModel.php on line 34
[17-Aug-2013 06:01:57 America/North_Dakota/Center] PHP Strict Standards:  Only variables should be passed by reference in C:\inetpub\wwwroot\immutable\model\BlogModel.php on line 34
[17-Aug-2013 06:02:19 America/North_Dakota/Center] PHP Warning:  sprintf(): Too few arguments in C:\inetpub\wwwroot\immutable\model\BlogModel.php on line 34
[17-Aug-2013 06:02:19 America/North_Dakota/Center] PHP Strict Standards:  Only variables should be passed by reference in C:\inetpub\wwwroot\immutable\model\BlogModel.php on line 34
[17-Aug-2013 06:02:37 America/North_Dakota/Center] PHP Fatal error:  Cannot pass parameter 2 by reference in C:\inetpub\wwwroot\immutable\model\BlogModel.php on line 34
[19-Aug-2013 01:18:49 America/North_Dakota/Center] PHP Notice:  Undefined variable: articleModel in C:\inetpub\wwwroot\immutable\test.php on line 121
[19-Aug-2013 01:18:49 America/North_Dakota/Center] PHP Fatal error:  Call to a member function GetArticles() on a non-object in C:\inetpub\wwwroot\immutable\test.php on line 121
[19-Aug-2013 01:28:10 America/North_Dakota/Center] PHP Notice:  Undefined index: published in C:\inetpub\wwwroot\immutable\test.php on line 131
[19-Aug-2013 01:28:10 America/North_Dakota/Center] PHP Notice:  Undefined index: published in C:\inetpub\wwwroot\immutable\test.php on line 131
[19-Aug-2013 01:28:10 America/North_Dakota/Center] PHP Notice:  Undefined index: published in C:\inetpub\wwwroot\immutable\test.php on line 131
[19-Aug-2013 01:28:10 America/North_Dakota/Center] PHP Notice:  Undefined index: published in C:\inetpub\wwwroot\immutable\test.php on line 131
[19-Aug-2013 01:28:10 America/North_Dakota/Center] PHP Notice:  Undefined index: published in C:\inetpub\wwwroot\immutable\test.php on line 131
[19-Aug-2013 01:29:50 America/North_Dakota/Center] PHP Parse error:  syntax error, unexpected ''published'' (T_CONSTANT_ENCAPSED_STRING), expecting ')' in C:\inetpub\wwwroot\immutable\model\ArticleModel.php on line 307
[19-Aug-2013 04:09:34 America/North_Dakota/Center] PHP Notice:  Undefined variable: category in C:\inetpub\wwwroot\immutable\model\ArticleModel.php on line 264
[19-Aug-2013 04:23:22 America/North_Dakota/Center] PHP Warning:  mysqli_stmt::bind_param(): Number of variables doesn't match number of parameters in prepared statement in C:\inetpub\wwwroot\immutable\model\ArticleModel.php on line 276
[19-Aug-2013 04:32:11 America/North_Dakota/Center] PHP Fatal error:  Call to undefined method ArticleModel::GetArticlesByCategory() in C:\inetpub\wwwroot\immutable\test.php on line 124
[19-Aug-2013 04:39:47 America/North_Dakota/Center] PHP Warning:  mysqli_stmt::bind_param(): Number of elements in type definition string doesn't match number of bind variables in C:\inetpub\wwwroot\immutable\model\ArticleModel.php on line 135
[24-Aug-2013 00:47:13 America/North_Dakota/Center] PHP Fatal error:  Cannot redeclare class UserModel in C:\inetpub\wwwroot\immutable\model\UserModel.php on line 148
